<?xml version="1.0" encoding="UTF-8"?>
<!-- Generated by org.testng.reporters.JUnitXMLReporter -->
<testsuite ignored="0" hostname="hems" failures="0" tests="2" name="Udemy Application TestCases" time="14.93" errors="0" timestamp="2020-06-17T13:05:11 IST">
  <testcase classname="com.udemy.qa.testcases.HomePageTest" name="searchBoxTest" time="2.006"/>
  <testcase classname="com.udemy.qa.testcases.HomePageTest" name="verifySearchResultsPageTitleTest" time="0.294"/>
</testsuite> <!-- Udemy Application TestCases -->
