<?xml version="1.0" encoding="UTF-8"?>
<testng-results ignored="0" total="2" passed="2" failed="0" skipped="0">
  <reporter-output>
  </reporter-output>
  <suite started-at="2020-06-17T13:04:56 IST" name="Udemy Automation Suite" finished-at="2020-06-17T13:05:10 IST" duration-ms="14930">
    <groups>
    </groups>
    <test started-at="2020-06-17T13:04:56 IST" name="Udemy Application TestCases" finished-at="2020-06-17T13:05:10 IST" duration-ms="14930">
      <class name="com.udemy.qa.testcases.HomePageTest">
        <test-method is-config="true" signature="setUp()[pri:0, instance:com.udemy.qa.testcases.HomePageTest@23529fee]" started-at="2020-06-17T13:04:56 IST" name="setUp" finished-at="2020-06-17T13:05:06 IST" duration-ms="10589" status="PASS">
          <reporter-output>
          </reporter-output>
        </test-method> <!-- setUp -->
        <test-method signature="searchBoxTest(java.lang.String)[pri:1, instance:com.udemy.qa.testcases.HomePageTest@23529fee]" started-at="2020-06-17T13:05:08 IST" name="searchBoxTest" data-provider="getSearchDataFromExcel" finished-at="2020-06-17T13:05:10 IST" duration-ms="2006" status="PASS">
          <params>
            <param index="0">
              <value>
                <![CDATA[web development]]>
              </value>
            </param>
          </params>
          <reporter-output>
          </reporter-output>
        </test-method> <!-- searchBoxTest -->
        <test-method signature="verifySearchResultsPageTitleTest()[pri:2, instance:com.udemy.qa.testcases.HomePageTest@23529fee]" started-at="2020-06-17T13:05:10 IST" name="verifySearchResultsPageTitleTest" finished-at="2020-06-17T13:05:10 IST" duration-ms="294" status="PASS">
          <reporter-output>
          </reporter-output>
        </test-method> <!-- verifySearchResultsPageTitleTest -->
        <test-method is-config="true" signature="closeBrowser()[pri:0, instance:com.udemy.qa.testcases.HomePageTest@23529fee]" started-at="2020-06-17T13:05:10 IST" name="closeBrowser" finished-at="2020-06-17T13:05:10 IST" duration-ms="178" status="PASS">
          <reporter-output>
          </reporter-output>
        </test-method> <!-- closeBrowser -->
      </class> <!-- com.udemy.qa.testcases.HomePageTest -->
    </test> <!-- Udemy Application TestCases -->
  </suite> <!-- Udemy Automation Suite -->
</testng-results>
